2025-10-21 13:27:12 - hestia - INFO - Sistema de logging iniciado - Nível: INFO
2025-10-21 13:27:12 - hestia - INFO - Exception handlers registrados
2025-10-21 13:27:12 - hestia - INFO - Sistema de logging iniciado - Nível: INFO
2025-10-21 13:27:12 - hestia - INFO - Exception handlers registrados
2025-10-21 13:27:22 - hestia - ERROR - Exceção não tratada: UndefinedError: 'obter_mensagens' is undefined - Path: /cadastro_contratante - IP: 127.0.0.1
Traceback (most recent call last):
  File "/Volumes/Externo/Ifes/hestia/.venv/lib/python3.11/site-packages/starlette/middleware/errors.py", line 164, in __call__
    await self.app(scope, receive, _send)
  File "/Volumes/Externo/Ifes/hestia/.venv/lib/python3.11/site-packages/starlette/middleware/sessions.py", line 85, in __call__
    await self.app(scope, receive, send_wrapper)
  File "/Volumes/Externo/Ifes/hestia/.venv/lib/python3.11/site-packages/starlette/middleware/exceptions.py", line 63, in __call__
    await wrap_app_handling_exceptions(self.app, conn)(scope, receive, send)
  File "/Volumes/Externo/Ifes/hestia/.venv/lib/python3.11/site-packages/starlette/_exception_handler.py", line 53, in wrapped_app
    raise exc
  File "/Volumes/Externo/Ifes/hestia/.venv/lib/python3.11/site-packages/starlette/_exception_handler.py", line 42, in wrapped_app
    await app(scope, receive, sender)
  File "/Volumes/Externo/Ifes/hestia/.venv/lib/python3.11/site-packages/fastapi/middleware/asyncexitstack.py", line 18, in __call__
    await self.app(scope, receive, send)
  File "/Volumes/Externo/Ifes/hestia/.venv/lib/python3.11/site-packages/starlette/routing.py", line 716, in __call__
    await self.middleware_stack(scope, receive, send)
  File "/Volumes/Externo/Ifes/hestia/.venv/lib/python3.11/site-packages/starlette/routing.py", line 736, in app
    await route.handle(scope, receive, send)
  File "/Volumes/Externo/Ifes/hestia/.venv/lib/python3.11/site-packages/starlette/routing.py", line 290, in handle
    await self.app(scope, receive, send)
  File "/Volumes/Externo/Ifes/hestia/.venv/lib/python3.11/site-packages/fastapi/routing.py", line 123, in app
    await wrap_app_handling_exceptions(app, request)(scope, receive, send)
  File "/Volumes/Externo/Ifes/hestia/.venv/lib/python3.11/site-packages/starlette/_exception_handler.py", line 53, in wrapped_app
    raise exc
  File "/Volumes/Externo/Ifes/hestia/.venv/lib/python3.11/site-packages/starlette/_exception_handler.py", line 42, in wrapped_app
    await app(scope, receive, sender)
  File "/Volumes/Externo/Ifes/hestia/.venv/lib/python3.11/site-packages/fastapi/routing.py", line 109, in app
    response = await f(request)
               ^^^^^^^^^^^^^^^^
  File "/Volumes/Externo/Ifes/hestia/.venv/lib/python3.11/site-packages/fastapi/routing.py", line 389, in app
    raw_response = await run_endpoint_function(
                   ^^^^^^^^^^^^^^^^^^^^^^^^^^^^
  File "/Volumes/Externo/Ifes/hestia/.venv/lib/python3.11/site-packages/fastapi/routing.py", line 288, in run_endpoint_function
    return await dependant.call(**values)
           ^^^^^^^^^^^^^^^^^^^^^^^^^^^^^^
  File "/Volumes/Externo/Ifes/hestia/routes/public_routes.py", line 271, in cadastro_contratante_form
    return templates.TemplateResponse("cadastro_contratante.html", {"request": request})
           ^^^^^^^^^^^^^^^^^^^^^^^^^^^^^^^^^^^^^^^^^^^^^^^^^^^^^^^^^^^^^^^^^^^^^^^^^^^^^
  File "/Volumes/Externo/Ifes/hestia/.venv/lib/python3.11/site-packages/starlette/templating.py", line 210, in TemplateResponse
    return _TemplateResponse(
           ^^^^^^^^^^^^^^^^^^
  File "/Volumes/Externo/Ifes/hestia/.venv/lib/python3.11/site-packages/starlette/templating.py", line 41, in __init__
    content = template.render(context)
              ^^^^^^^^^^^^^^^^^^^^^^^^
  File "/Volumes/Externo/Ifes/hestia/.venv/lib/python3.11/site-packages/jinja2/environment.py", line 1295, in render
    self.environment.handle_exception()
  File "/Volumes/Externo/Ifes/hestia/.venv/lib/python3.11/site-packages/jinja2/environment.py", line 942, in handle_exception
    raise rewrite_traceback_stack(source=source)
  File "templates/cadastro_contratante.html", line 4, in top-level template code
    {% set dados = dados if dados is defined else {} %}
    ^^^^^^^^^^^^^^^^^^^^^^^^^
  File "templates/base_simples.html", line 31, in top-level template code
    {{ obter_mensagens(request) | tojson }}
    ^^^^^^^^^^^^^^^^^^^^^^^^^
  File "/Volumes/Externo/Ifes/hestia/.venv/lib/python3.11/site-packages/jinja2/utils.py", line 92, in from_obj
    if hasattr(obj, "jinja_pass_arg"):
       ^^^^^^^^^^^^^^^^^^^^^^^^^^^^^^
jinja2.exceptions.UndefinedError: 'obter_mensagens' is undefined
2025-10-21 13:27:52 - hestia - INFO - Sistema de logging iniciado - Nível: INFO
2025-10-21 13:27:52 - hestia - INFO - Sistema de logging iniciado - Nível: INFO
2025-10-21 13:27:52 - hestia - INFO - Exception handlers registrados
2025-10-21 13:27:52 - hestia - INFO - Exception handlers registrados
2025-10-21 13:27:58 - hestia - INFO - Sistema de logging iniciado - Nível: INFO
2025-10-21 13:27:58 - hestia - INFO - Sistema de logging iniciado - Nível: INFO
2025-10-21 13:27:58 - hestia - INFO - Exception handlers registrados
2025-10-21 13:27:58 - hestia - INFO - Exception handlers registrados
2025-10-21 13:28:26 - hestia - INFO - Sistema de logging iniciado - Nível: INFO
2025-10-21 13:28:26 - hestia - INFO - Exception handlers registrados
2025-10-21 14:38:57 - hestia - INFO - Sistema de logging iniciado - Nível: INFO
2025-10-21 14:38:57 - hestia - INFO - Exception handlers registrados
2025-10-21 14:39:23 - hestia - INFO - Sistema de logging iniciado - Nível: INFO
2025-10-21 14:39:23 - hestia - INFO - Exception handlers registrados
2025-10-21 14:40:08 - hestia - INFO - Sistema de logging iniciado - Nível: INFO
2025-10-21 14:40:08 - hestia - INFO - Exception handlers registrados
2025-10-21 14:40:18 - hestia - INFO - Sistema de logging iniciado - Nível: INFO
2025-10-21 14:40:18 - hestia - INFO - Exception handlers registrados
2025-10-21 14:40:34 - hestia - INFO - Sistema de logging iniciado - Nível: INFO
2025-10-21 14:40:34 - hestia - INFO - Exception handlers registrados
2025-10-21 14:40:46 - hestia - INFO - Sistema de logging iniciado - Nível: INFO
2025-10-21 14:40:46 - hestia - INFO - Exception handlers registrados
2025-10-21 14:40:56 - hestia - INFO - Sistema de logging iniciado - Nível: INFO
2025-10-21 14:40:56 - hestia - INFO - Exception handlers registrados
2025-10-21 14:41:07 - hestia - INFO - Sistema de logging iniciado - Nível: INFO
2025-10-21 14:41:07 - hestia - INFO - Exception handlers registrados
2025-10-21 14:41:33 - hestia - INFO - Sistema de logging iniciado - Nível: INFO
2025-10-21 14:41:33 - hestia - INFO - Exception handlers registrados
2025-10-21 14:41:42 - hestia - INFO - Sistema de logging iniciado - Nível: INFO
2025-10-21 14:41:42 - hestia - INFO - Exception handlers registrados
2025-10-21 14:41:49 - hestia - INFO - Sistema de logging iniciado - Nível: INFO
2025-10-21 14:41:49 - hestia - INFO - Exception handlers registrados
2025-10-21 14:41:57 - hestia - INFO - Sistema de logging iniciado - Nível: INFO
2025-10-21 14:41:57 - hestia - INFO - Exception handlers registrados
2025-10-21 14:42:05 - hestia - INFO - Sistema de logging iniciado - Nível: INFO
2025-10-21 14:42:05 - hestia - INFO - Exception handlers registrados
2025-10-21 14:42:11 - hestia - INFO - Sistema de logging iniciado - Nível: INFO
2025-10-21 14:42:11 - hestia - INFO - Exception handlers registrados
2025-10-21 14:42:54 - hestia - INFO - Sistema de logging iniciado - Nível: INFO
2025-10-21 14:42:55 - hestia - INFO - Exception handlers registrados
2025-10-21 14:43:00 - hestia - INFO - Sistema de logging iniciado - Nível: INFO
2025-10-21 14:43:00 - hestia - INFO - Exception handlers registrados
2025-10-21 14:43:08 - hestia - INFO - Sistema de logging iniciado - Nível: INFO
2025-10-21 14:43:08 - hestia - INFO - Exception handlers registrados
2025-10-21 14:43:15 - hestia - INFO - Sistema de logging iniciado - Nível: INFO
2025-10-21 14:43:16 - hestia - INFO - Exception handlers registrados
2025-10-21 14:43:23 - hestia - INFO - Sistema de logging iniciado - Nível: INFO
2025-10-21 14:43:23 - hestia - INFO - Exception handlers registrados
2025-10-21 14:43:48 - hestia - INFO - Sistema de logging iniciado - Nível: INFO
2025-10-21 14:43:48 - hestia - INFO - Exception handlers registrados
2025-10-21 14:43:56 - hestia - INFO - Sistema de logging iniciado - Nível: INFO
2025-10-21 14:43:57 - hestia - INFO - Exception handlers registrados
2025-10-21 14:44:07 - hestia - INFO - Sistema de logging iniciado - Nível: INFO
2025-10-21 14:44:07 - hestia - INFO - Exception handlers registrados
2025-10-21 14:44:17 - hestia - INFO - Sistema de logging iniciado - Nível: INFO
2025-10-21 14:44:17 - hestia - INFO - Exception handlers registrados
2025-10-21 17:38:52 - hestia - INFO - Sistema de logging iniciado - Nível: INFO
2025-10-21 17:38:52 - hestia - INFO - Exception handlers registrados
